app/build/intermediates/manifest_merge_blame_file/release/processReleaseMainManifest/manifest-merger-blame-release-report.txt
1<?xml version="1.0" encoding="utf-8"?>
2<manifest xmlns:android="http://schemas.android.com/apk/res/android"
3    package="com.aisheti.sahayak"
4    android:versionCode="1"
5    android:versionName="1.0.0" >
6
7    <uses-sdk
8        android:minSdkVersion="24"
9        android:targetSdkVersion="35" />
10```
11    <!-- Permissions -->
12    <uses-permission android:name="android.permission.INTERNET" />
12-->src/main/AndroidManifest.xml:8:1-62
12-->src/main/AndroidManifest.xml:8:18-60
13    <uses-permission android:name="android.permission.ACCESS_NETWORK_STATE" />
13-->src/main/AndroidManifest.xml:9:1-74
13-->src/main/AndroidManifest.xml:9:18-72
14    <uses-permission android:name="android.permission.CAMERA" />
14-->src/main/AndroidManifest.xml:10:1-60
14-->src/main/AndroidManifest.xml:10:18-58
15    <uses-permission android:name="android.permission.RECORD_AUDIO" />
15-->src/main/AndroidManifest.xml:11:1-66
15-->src/main/AndroidManifest.xml:11:18-64
16    <uses-permission android:name="android.permission.ACCESS_FINE_LOCATION" />
16-->src/main/AndroidManifest.xml:12:1-74
16-->src/main/AndroidManifest.xml:12:18-72
17    <uses-permission android:name="android.permission.ACCESS_COARSE_LOCATION" />
17-->src/main/AndroidManifest.xml:13:1-76
17-->src/main/AndroidManifest.xml:13:18-74
18    <uses-permission android:name="android.permission.VIBRATE" />
18-->src/main/AndroidManifest.xml:14:1-61
18-->src/main/AndroidManifest.xml:14:18-59
19    <uses-permission android:name="android.permission.RECEIVE_BOOT_COMPLETED" />
19-->src/main/AndroidManifest.xml:15:1-76
19-->src/main/AndroidManifest.xml:15:18-74
20    <uses-permission android:name="android.permission.POST_NOTIFICATIONS" />
20-->src/main/AndroidManifest.xml:16:1-72
20-->src/main/AndroidManifest.xml:16:18-70
21
22    <uses-feature
22-->src/main/AndroidManifest.xml:18:1-80
23        android:name="android.hardware.camera"
23-->src/main/AndroidManifest.xml:18:15-53
24        android:required="false" />
24-->src/main/AndroidManifest.xml:18:54-78
25    <uses-feature
25-->src/main/AndroidManifest.xml:19:1-84
26        android:name="android.hardware.microphone"
26-->src/main/AndroidManifest.xml:19:15-57
27        android:required="false" />
27-->src/main/AndroidManifest.xml:19:58-82
28```
29    <uses-permission android:name="com.google.android.gms.permission.AD_ID" />
29-->[com.google.android.gms:play-services-ads-lite:23.2.0] AndroidManifest.xml:26:5-79
29-->[com.google.android.gms:play-services-ads-lite:23.2.0] AndroidManifest.xml:26:22-76
30    <uses-permission android:name="android.permission.ACCESS_ADSERVICES_AD_ID" />
30-->[com.google.android.gms:play-services-ads-lite:23.2.0] AndroidManifest.xml:27:5-82
30-->[com.google.android.gms:play-services-ads-lite:23.2.0] AndroidManifest.xml:27:22-79
31    <uses-permission android:name="android.permission.ACCESS_ADSERVICES_ATTRIBUTION" />
31-->[com.google.android.gms:play-services-ads-lite:23.2.0] AndroidManifest.xml:28:5-88
31-->[com.google.android.gms:play-services-ads-lite:23.2.0] AndroidManifest.xml:28:22-85
32    <uses-permission android:name="android.permission.ACCESS_ADSERVICES_TOPICS" /> <!-- Android package visibility setting -->
32-->[com.google.android.gms:play-services-ads-lite:23.2.0] AndroidManifest.xml:29:5-83
32-->[com.google.android.gms:play-services-ads-lite:23.2.0] AndroidManifest.xml:29:22-80
33    <queries>
33-->[com.google.android.gms:play-services-ads-lite:23.2.0] AndroidManifest.xml:35:5-51:15
34
35        <!-- For browser content -->
36        <intent>
36-->[com.google.android.gms:play-services-ads-lite:23.2.0] AndroidManifest.xml:38:9-44:18
37            <action android:name="android.intent.action.VIEW" />
37-->[com.google.android.gms:play-services-ads-lite:23.2.0] AndroidManifest.xml:39:13-65
37-->[com.google.android.gms:play-services-ads-lite:23.2.0] AndroidManifest.xml:39:21-62
38
39            <category android:name="android.intent.category.BROWSABLE" />
39-->[com.google.android.gms:play-services-ads-lite:23.2.0] AndroidManifest.xml:41:13-74
39-->[com.google.android.gms:play-services-ads-lite:23.2.0] AndroidManifest.xml:41:23-71
40
41            <data android:scheme="https" />
41-->[com.google.android.gms:play-services-ads-lite:23.2.0] AndroidManifest.xml:43:13-44
41-->[com.google.android.gms:play-services-ads-lite:23.2.0] AndroidManifest.xml:43:19-41
42        </intent>
43        <!-- End of browser content -->
44        <!-- For CustomTabsService -->
45        <intent>
45-->[com.google.android.gms:play-services-ads-lite:23.2.0] AndroidManifest.xml:47:9-49:18
46            <action android:name="android.support.customtabs.action.CustomTabsService" />
46-->[com.google.android.gms:play-services-ads-lite:23.2.0] AndroidManifest.xml:48:13-90
46-->[com.google.android.gms:play-services-ads-lite:23.2.0] AndroidManifest.xml:48:21-87
47        </intent>
48        <!-- End of CustomTabsService -->
49    </queries>
50
51    <uses-permission android:name="android.permission.WAKE_LOCK" />
51-->[com.google.android.gms:play-services-measurement:22.0.1] AndroidManifest.xml:25:5-68
51-->[com.google.android.gms:play-services-measurement:22.0.1] AndroidManifest.xml:25:22-65
52    <uses-permission android:name="com.google.android.finsky.permission.BIND_GET_INSTALL_REFERRER_SERVICE" /> <!-- Required by older versions of Google Play services to create IID tokens -->
52-->[com.google.android.gms:play-services-measurement:22.0.1] AndroidManifest.xml:26:5-110
52-->[com.google.android.gms:play-services-measurement:22.0.1] AndroidManifest.xml:26:22-107
53    <uses-permission android:name="com.google.android.c2dm.permission.RECEIVE" />
53-->[com.google.firebase:firebase-messaging:24.0.0] AndroidManifest.xml:26:5-82
53-->[com.google.firebase:firebase-messaging:24.0.0] AndroidManifest.xml:26:22-79
54    <uses-permission android:name="android.permission.FOREGROUND_SERVICE" />
54-->[androidx.work:work-runtime:2.9.0] AndroidManifest.xml:26:5-77
54-->[androidx.work:work-runtime:2.9.0] AndroidManifest.xml:26:22-74
55
56    <permission
56-->[androidx.core:core:1.13.1] AndroidManifest.xml:22:5-24:47
57        android:name="com.aisheti.sahayak.DYNAMIC_RECEIVER_NOT_EXPORTED_PERMISSION"
57-->[androidx.core:core:1.13.1] AndroidManifest.xml:23:9-81
58        android:protectionLevel="signature" />
58-->[androidx.core:core:1.13.1] AndroidManifest.xml:24:9-44
59
60    <uses-permission android:name="com.aisheti.sahayak.DYNAMIC_RECEIVER_NOT_EXPORTED_PERMISSION" />
60-->[androidx.core:core:1.13.1] AndroidManifest.xml:26:5-97
60-->[androidx.core:core:1.13.1] AndroidManifest.xml:26:22-94
61
62    <application
62-->src/main/AndroidManifest.xml:21:1-121:15
63        android:name="com.aisheti.sahayak.ShetiApplication"
63-->src/main/AndroidManifest.xml:22:5-37
64        android:allowBackup="true"
64-->src/main/AndroidManifest.xml:23:5-31
65        android:appComponentFactory="androidx.core.app.CoreComponentFactory"
65-->[androidx.core:core:1.13.1] AndroidManifest.xml:28:18-86
66        android:dataExtractionRules="@xml/data_extraction_rules"
66-->src/main/AndroidManifest.xml:24:5-61
67        android:extractNativeLibs="false"
68        android:fullBackupContent="@xml/backup_rules"
68-->src/main/AndroidManifest.xml:25:5-50
69        android:icon="@mipmap/ic_launcher"
69-->src/main/AndroidManifest.xml:26:5-39
70        android:label="@string/app_name"
70-->src/main/AndroidManifest.xml:27:5-37
71        android:roundIcon="@mipmap/ic_launcher_round"
71-->src/main/AndroidManifest.xml:28:5-50
72        android:supportsRtl="true"
72-->src/main/AndroidManifest.xml:29:5-31
73        android:theme="@style/Theme.AIShetiSahayak"
73-->src/main/AndroidManifest.xml:30:5-48
74        android:usesCleartextTraffic="false" >
74-->src/main/AndroidManifest.xml:31:5-41
75        <property
75-->src/main/AndroidManifest.xml:34:5-37:43
76            android:name="android.adservices.AD_SERVICES_CONFIG"
76-->src/main/AndroidManifest.xml:35:9-61
77            android:resource="@xml/gma_ad_services_config" />
77-->src/main/AndroidManifest.xml:36:9-55
78
79        <meta-data
79-->src/main/AndroidManifest.xml:39:5-41:47
80            android:name="com.google.android.gms.ads.APPLICATION_ID"
80-->src/main/AndroidManifest.xml:40:9-65
81            android:value="@string/admob_app_id" />
81-->src/main/AndroidManifest.xml:41:9-45
82
83        <activity
83-->src/main/AndroidManifest.xml:43:5-54:16
84            android:name="com.aisheti.sahayak.ui.splash.SplashActivity"
84-->src/main/AndroidManifest.xml:44:9-49
85            android:exported="true"
85-->src/main/AndroidManifest.xml:45:9-32
86            android:screenOrientation="portrait"
86-->src/main/AndroidManifest.xml:47:9-45
87            android:theme="@style/Theme.AIShetiSahayak.Splash" >
87-->src/main/AndroidManifest.xml:46:9-59
88            <intent-filter>
88-->src/main/AndroidManifest.xml:49:9-52:25
89                <action android:name="android.intent.action.MAIN" />
89-->src/main/AndroidManifest.xml:50:13-64
89-->src/main/AndroidManifest.xml:50:21-62
90
91                <category android:name="android.intent.category.LAUNCHER" />
91-->src/main/AndroidManifest.xml:51:13-72
91-->src/main/AndroidManifest.xml:51:23-70
92            </intent-filter>
93        </activity>
94        <activity
94-->src/main/AndroidManifest.xml:56:5-60:54
95            android:name="com.aisheti.sahayak.ui.language.LanguageActivity"
95-->src/main/AndroidManifest.xml:57:9-53
96            android:exported="false"
96-->src/main/AndroidManifest.xml:58:9-33
97            android:screenOrientation="portrait"
97-->src/main/AndroidManifest.xml:59:9-45
98            android:theme="@style/Theme.AIShetiSahayak" />
98-->src/main/AndroidManifest.xml:60:9-52
99        <activity
99-->src/main/AndroidManifest.xml:62:5-67:53
100            android:name="com.aisheti.sahayak.ui.MainActivity"
100-->src/main/AndroidManifest.xml:63:9-40
101            android:exported="false"
101-->src/main/AndroidManifest.xml:64:9-33
102            android:screenOrientation="portrait"
102-->src/main/AndroidManifest.xml:65:9-45
103            android:theme="@style/Theme.AIShetiSahayak"
103-->src/main/AndroidManifest.xml:66:9-52
104            android:windowSoftInputMode="adjustResize" />
104-->src/main/AndroidManifest.xml:67:9-51
105        <activity
105-->src/main/AndroidManifest.xml:69:5-73:54
106            android:name="com.aisheti.sahayak.ui.disease.DiseaseActivity"
106-->src/main/AndroidManifest.xml:70:9-51
107            android:exported="false"
107-->src/main/AndroidManifest.xml:71:9-33
108            android:screenOrientation="portrait"
108-->src/main/AndroidManifest.xml:72:9-45
109            android:theme="@style/Theme.AIShetiSahayak" />
109-->src/main/AndroidManifest.xml:73:9-52
110        <activity
110-->src/main/AndroidManifest.xml:75:5-79:54
111            android:name="com.aisheti.sahayak.ui.weather.WeatherActivity"
111-->src/main/AndroidManifest.xml:76:9-51
112            android:exported="false"
112-->src/main/AndroidManifest.xml:77:9-33
113            android:screenOrientation="portrait"
113-->src/main/AndroidManifest.xml:78:9-45
114            android:theme="@style/Theme.AIShetiSahayak" />
114-->src/main/AndroidManifest.xml:79:9-52
115        <activity
115-->src/main/AndroidManifest.xml:81:5-85:54
116            android:name="com.aisheti.sahayak.ui.fertilizer.FertilizerActivity"
116-->src/main/AndroidManifest.xml:82:9-57
117            android:exported="false"
117-->src/main/AndroidManifest.xml:83:9-33
118            android:screenOrientation="portrait"
118-->src/main/AndroidManifest.xml:84:9-45
119            android:theme="@style/Theme.AIShetiSahayak" />
119-->src/main/AndroidManifest.xml:85:9-52
120        <activity
120-->src/main/AndroidManifest.xml:87:5-91:54
121            android:name="com.aisheti.sahayak.ui.voice.VoiceActivity"
121-->src/main/AndroidManifest.xml:88:9-47
122            android:exported="false"
122-->src/main/AndroidManifest.xml:89:9-33
123            android:screenOrientation="portrait"
123-->src/main/AndroidManifest.xml:90:9-45
124            android:theme="@style/Theme.AIShetiSahayak" />
124-->src/main/AndroidManifest.xml:91:9-52
125        <activity
125-->src/main/AndroidManifest.xml:93:5-97:54
126            android:name="com.aisheti.sahayak.ui.history.HistoryActivity"
126-->src/main/AndroidManifest.xml:94:9-51
127            android:exported="false"
127-->src/main/AndroidManifest.xml:95:9-33
128            android:screenOrientation="portrait"
128-->src/main/AndroidManifest.xml:96:9-45
129            android:theme="@style/Theme.AIShetiSahayak" />
129-->src/main/AndroidManifest.xml:97:9-52
130
131        <service
131-->src/main/AndroidManifest.xml:99:5-107:15
132            android:name="com.aisheti.sahayak.utils.ShetiFCMService"
132-->src/main/AndroidManifest.xml:100:9-46
133            android:exported="false" >
133-->src/main/AndroidManifest.xml:101:9-33
134            <intent-filter>
134-->src/main/AndroidManifest.xml:103:9-105:25
135                <action android:name="com.google.firebase.MESSAGING_EVENT" />
135-->src/main/AndroidManifest.xml:104:13-73
135-->src/main/AndroidManifest.xml:104:21-71
136            </intent-filter>
137        </service>
138
139        <provider
140            android:name="androidx.core.content.FileProvider"
140-->src/main/AndroidManifest.xml:110:9-58
141            android:authorities="com.aisheti.sahayak.fileprovider"
141-->src/main/AndroidManifest.xml:111:9-60
142            android:exported="false"
142-->src/main/AndroidManifest.xml:112:9-33
143            android:grantUriPermissions="true" >
143-->src/main/AndroidManifest.xml:113:9-43
144            <meta-data
144-->src/main/AndroidManifest.xml:115:9-117:49
145                android:name="android.support.FILE_PROVIDER_PATHS"
145-->src/main/AndroidManifest.xml:116:13-63
146                android:resource="@xml/file_paths" />
146-->src/main/AndroidManifest.xml:117:13-47
147        </provider>
148
149        <service
149-->[androidx.camera:camera-camera2:1.3.4] AndroidManifest.xml:24:9-33:19
150            android:name="androidx.camera.core.impl.MetadataHolderService"
150-->[androidx.camera:camera-camera2:1.3.4] AndroidManifest.xml:25:13-75
151            android:enabled="false"
151-->[androidx.camera:camera-camera2:1.3.4] AndroidManifest.xml:26:13-36
152            android:exported="false" >
152-->[androidx.camera:camera-camera2:1.3.4] AndroidManifest.xml:27:13-37
153            <meta-data
153-->[androidx.camera:camera-camera2:1.3.4] AndroidManifest.xml:30:13-32:89
154                android:name="androidx.camera.core.impl.MetadataHolderService.DEFAULT_CONFIG_PROVIDER"
154-->[androidx.camera:camera-camera2:1.3.4] AndroidManifest.xml:31:17-103
155                android:value="androidx.camera.camera2.Camera2Config$DefaultProvider" />
155-->[androidx.camera:camera-camera2:1.3.4] AndroidManifest.xml:32:17-86
156        </service> <!-- Include the AdActivity and InAppPurchaseActivity configChanges and themes. -->
157        <activity
157-->[com.google.android.gms:play-services-ads-lite:23.2.0] AndroidManifest.xml:56:9-61:43
158            android:name="com.google.android.gms.ads.AdActivity"
158-->[com.google.android.gms:play-services-ads-lite:23.2.0] AndroidManifest.xml:57:13-65
159            android:configChanges="keyboard|keyboardHidden|orientation|screenLayout|uiMode|screenSize|smallestScreenSize"
159-->[com.google.android.gms:play-services-ads-lite:23.2.0] AndroidManifest.xml:58:13-122
160            android:exported="false"
160-->[com.google.android.gms:play-services-ads-lite:23.2.0] AndroidManifest.xml:59:13-37
161            android:theme="@android:style/Theme.Translucent" />
161-->[com.google.android.gms:play-services-ads-lite:23.2.0] AndroidManifest.xml:60:13-61
162
163        <provider
163-->[com.google.android.gms:play-services-ads-lite:23.2.0] AndroidManifest.xml:63:9-68:43
164            android:name="com.google.android.gms.ads.MobileAdsInitProvider"
164-->[com.google.android.gms:play-services-ads-lite:23.2.0] AndroidManifest.xml:64:13-76
165            android:authorities="com.aisheti.sahayak.mobileadsinitprovider"
165-->[com.google.android.gms:play-services-ads-lite:23.2.0] AndroidManifest.xml:65:13-73
166            android:exported="false"
166-->[com.google.android.gms:play-services-ads-lite:23.2.0] AndroidManifest.xml:66:13-37
167            android:initOrder="100" />
167-->[com.google.android.gms:play-services-ads-lite:23.2.0] AndroidManifest.xml:67:13-36
168
169        <service
169-->[com.google.android.gms:play-services-ads-lite:23.2.0] AndroidManifest.xml:70:9-74:43
170            android:name="com.google.android.gms.ads.AdService"
170-->[com.google.android.gms:play-services-ads-lite:23.2.0] AndroidManifest.xml:71:13-64
171            android:enabled="true"
171-->[com.google.android.gms:play-services-ads-lite:23.2.0] AndroidManifest.xml:72:13-35
172            android:exported="false" />
172-->[com.google.android.gms:play-services-ads-lite:23.2.0] AndroidManifest.xml:73:13-37
173
174        <activity
174-->[com.google.android.gms:play-services-ads-lite:23.2.0] AndroidManifest.xml:76:9-80:43
175            android:name="com.google.android.gms.ads.OutOfContextTestingActivity"
175-->[com.google.android.gms:play-services-ads-lite:23.2.0] AndroidManifest.xml:77:13-82
176            android:configChanges="keyboard|keyboardHidden|orientation|screenLayout|uiMode|screenSize|smallestScreenSize"
176-->[com.google.android.gms:play-services-ads-lite:23.2.0] AndroidManifest.xml:78:13-122
177            android:exported="false" />
177-->[com.google.android.gms:play-services-ads-lite:23.2.0] AndroidManifest.xml:79:13-37
178        <activity
178-->[com.google.android.gms:play-services-ads-lite:23.2.0] AndroidManifest.xml:81:9-88:43
179            android:name="com.google.android.gms.ads.NotificationHandlerActivity"
179-->[com.google.android.gms:play-services-ads-lite:23.2.0] AndroidManifest.xml:82:13-82
180            android:excludeFromRecents="true"
180-->[com.google.android.gms:play-services-ads-lite:23.2.0] AndroidManifest.xml:83:13-46
181            android:exported="false"
181-->[com.google.android.gms:play-services-ads-lite:23.2.0] AndroidManifest.xml:84:13-37
182            android:launchMode="singleTask"
182-->[com.google.android.gms:play-services-ads-lite:23.2.0] AndroidManifest.xml:85:13-44
183            android:taskAffinity=""
183-->[com.google.android.gms:play-services-ads-lite:23.2.0] AndroidManifest.xml:86:13-36
184            android:theme="@android:style/Theme.Translucent.NoTitleBar" />
184-->[com.google.android.gms:play-services-ads-lite:23.2.0] AndroidManifest.xml:87:13-72
185
186        <service
186-->[com.google.firebase:firebase-analytics-ktx:22.0.1] AndroidManifest.xml:8:9-14:19
187            android:name="com.google.firebase.components.ComponentDiscoveryService"
187-->[com.google.firebase:firebase-analytics-ktx:22.0.1] AndroidManifest.xml:9:13-84
188            android:directBootAware="true"
188-->[com.google.firebase:firebase-common:21.0.0] AndroidManifest.xml:32:13-43
189            android:exported="false" >
189-->[com.google.firebase:firebase-analytics-ktx:22.0.1] AndroidManifest.xml:10:13-37
190            <meta-data
190-->[com.google.firebase:firebase-analytics-ktx:22.0.1] AndroidManifest.xml:11:13-13:85
191                android:name="com.google.firebase.components:com.google.firebase.analytics.ktx.FirebaseAnalyticsLegacyRegistrar"
191-->[com.google.firebase:firebase-analytics-ktx:22.0.1] AndroidManifest.xml:12:17-129
192                android:value="com.google.firebase.components.ComponentRegistrar" />
192-->[com.google.firebase:firebase-analytics-ktx:22.0.1] AndroidManifest.xml:13:17-82
193            <meta-data
193-->[com.google.android.gms:play-services-measurement-api:22.0.1] AndroidManifest.xml:37:13-39:85
194                android:name="com.google.firebase.components:com.google.firebase.analytics.connector.internal.AnalyticsConnectorRegistrar"
194-->[com.google.android.gms:play-services-measurement-api:22.0.1] AndroidManifest.xml:38:17-139
195                android:value="com.google.firebase.components.ComponentRegistrar" />
195-->[com.google.android.gms:play-services-measurement-api:22.0.1] AndroidManifest.xml:39:17-82
196            <meta-data
196-->[com.google.firebase:firebase-firestore-ktx:25.0.0] AndroidManifest.xml:12:13-14:85
197                android:name="com.google.firebase.components:com.google.firebase.firestore.ktx.FirebaseFirestoreLegacyRegistrar"
197-->[com.google.firebase:firebase-firestore-ktx:25.0.0] AndroidManifest.xml:13:17-129
198                android:value="com.google.firebase.components.ComponentRegistrar" />
198-->[com.google.firebase:firebase-firestore-ktx:25.0.0] AndroidManifest.xml:14:17-82
199            <meta-data
199-->[com.google.firebase:firebase-firestore:25.0.0] AndroidManifest.xml:17:13-19:85
200                android:name="com.google.firebase.components:com.google.firebase.firestore.FirebaseFirestoreKtxRegistrar"
200-->[com.google.firebase:firebase-firestore:25.0.0] AndroidManifest.xml:18:17-122
201                android:value="com.google.firebase.components.ComponentRegistrar" />
201-->[com.google.firebase:firebase-firestore:25.0.0] AndroidManifest.xml:19:17-82
202            <meta-data
202-->[com.google.firebase:firebase-firestore:25.0.0] AndroidManifest.xml:20:13-22:85
203                android:name="com.google.firebase.components:com.google.firebase.firestore.FirestoreRegistrar"
203-->[com.google.firebase:firebase-firestore:25.0.0] AndroidManifest.xml:21:17-111
204                android:value="com.google.firebase.components.ComponentRegistrar" />
204-->[com.google.firebase:firebase-firestore:25.0.0] AndroidManifest.xml:22:17-82
205            <meta-data
205-->[com.google.firebase:firebase-messaging-ktx:24.0.0] AndroidManifest.xml:26:13-28:85
206                android:name="com.google.firebase.components:com.google.firebase.messaging.ktx.FirebaseMessagingLegacyRegistrar"
206-->[com.google.firebase:firebase-messaging-ktx:24.0.0] AndroidManifest.xml:27:17-129
207                android:value="com.google.firebase.components.ComponentRegistrar" />
207-->[com.google.firebase:firebase-messaging-ktx:24.0.0] AndroidManifest.xml:28:17-82
208            <meta-data
208-->[com.google.firebase:firebase-messaging:24.0.0] AndroidManifest.xml:57:13-59:85
209                android:name="com.google.firebase.components:com.google.firebase.messaging.FirebaseMessagingKtxRegistrar"
209-->[com.google.firebase:firebase-messaging:24.0.0] AndroidManifest.xml:58:17-122
210                android:value="com.google.firebase.components.ComponentRegistrar" />
210-->[com.google.firebase:firebase-messaging:24.0.0] AndroidManifest.xml:59:17-82
211            <meta-data
211-->[com.google.firebase:firebase-messaging:24.0.0] AndroidManifest.xml:60:13-62:85
212                android:name="com.google.firebase.components:com.google.firebase.messaging.FirebaseMessagingRegistrar"
212-->[com.google.firebase:firebase-messaging:24.0.0] AndroidManifest.xml:61:17-119
213                android:value="com.google.firebase.components.ComponentRegistrar" />
213-->[com.google.firebase:firebase-messaging:24.0.0] AndroidManifest.xml:62:17-82
214            <meta-data
214-->[com.google.firebase:firebase-crashlytics-ktx:19.0.1] AndroidManifest.xml:24:13-26:85
215                android:name="com.google.firebase.components:com.google.firebase.crashlytics.ktx.FirebaseCrashlyticsKtxRegistrar"
215-->[com.google.firebase:firebase-crashlytics-ktx:19.0.1] AndroidManifest.xml:25:17-130
216                android:value="com.google.firebase.components.ComponentRegistrar" />
216-->[com.google.firebase:firebase-crashlytics-ktx:19.0.1] AndroidManifest.xml:26:17-82
217            <meta-data
217-->[com.google.firebase:firebase-crashlytics:19.0.1] AndroidManifest.xml:15:13-17:85
218                android:name="com.google.firebase.components:com.google.firebase.crashlytics.FirebaseCrashlyticsKtxRegistrar"
218-->[com.google.firebase:firebase-crashlytics:19.0.1] AndroidManifest.xml:16:17-126
219                android:value="com.google.firebase.components.ComponentRegistrar" />
219-->[com.google.firebase:firebase-crashlytics:19.0.1] AndroidManifest.xml:17:17-82
220            <meta-data
220-->[com.google.firebase:firebase-crashlytics:19.0.1] AndroidManifest.xml:18:13-20:85
221                android:name="com.google.firebase.components:com.google.firebase.crashlytics.CrashlyticsRegistrar"
221-->[com.google.firebase:firebase-crashlytics:19.0.1] AndroidManifest.xml:19:17-115
222                android:value="com.google.firebase.components.ComponentRegistrar" />
222-->[com.google.firebase:firebase-crashlytics:19.0.1] AndroidManifest.xml:20:17-82
223            <meta-data
223-->[com.google.firebase:firebase-sessions:2.0.1] AndroidManifest.xml:29:13-31:85
224                android:name="com.google.firebase.components:com.google.firebase.sessions.FirebaseSessionsRegistrar"
224-->[com.google.firebase:firebase-sessions:2.0.1] AndroidManifest.xml:30:17-117
225                android:value="com.google.firebase.components.ComponentRegistrar" />
225-->[com.google.firebase:firebase-sessions:2.0.1] AndroidManifest.xml:31:17-82
226            <meta-data
226-->[com.google.firebase:firebase-installations:18.0.0] AndroidManifest.xml:15:13-17:85
227                android:name="com.google.firebase.components:com.google.firebase.installations.FirebaseInstallationsKtxRegistrar"
227-->[com.google.firebase:firebase-installations:18.0.0] AndroidManifest.xml:16:17-130
228                android:value="com.google.firebase.components.ComponentRegistrar" />
228-->[com.google.firebase:firebase-installations:18.0.0] AndroidManifest.xml:17:17-82
229            <meta-data
229-->[com.google.firebase:firebase-installations:18.0.0] AndroidManifest.xml:18:13-20:85
230                android:name="com.google.firebase.components:com.google.firebase.installations.FirebaseInstallationsRegistrar"
230-->[com.google.firebase:firebase-installations:18.0.0] AndroidManifest.xml:19:17-127
231                android:value="com.google.firebase.components.ComponentRegistrar" />
231-->[com.google.firebase:firebase-installations:18.0.0] AndroidManifest.xml:20:17-82
232            <meta-data
232-->[com.google.firebase:firebase-common-ktx:21.0.0] AndroidManifest.xml:12:13-14:85
233                android:name="com.google.firebase.components:com.google.firebase.ktx.FirebaseCommonLegacyRegistrar"
233-->[com.google.firebase:firebase-common-ktx:21.0.0] AndroidManifest.xml:13:17-116
234                android:value="com.google.firebase.components.ComponentRegistrar" />
234-->[com.google.firebase:firebase-common-ktx:21.0.0] AndroidManifest.xml:14:17-82
235            <meta-data
235-->[com.google.firebase:firebase-common:21.0.0] AndroidManifest.xml:35:13-37:85
236                android:name="com.google.firebase.components:com.google.firebase.FirebaseCommonKtxRegistrar"
236-->[com.google.firebase:firebase-common:21.0.0] AndroidManifest.xml:36:17-109
237                android:value="com.google.firebase.components.ComponentRegistrar" />
237-->[com.google.firebase:firebase-common:21.0.0] AndroidManifest.xml:37:17-82
238            <meta-data
238-->[com.google.firebase:firebase-datatransport:18.2.0] AndroidManifest.xml:25:13-27:85
239                android:name="com.google.firebase.components:com.google.firebase.datatransport.TransportRegistrar"
239-->[com.google.firebase:firebase-datatransport:18.2.0] AndroidManifest.xml:26:17-115
240                android:value="com.google.firebase.components.ComponentRegistrar" />
240-->[com.google.firebase:firebase-datatransport:18.2.0] AndroidManifest.xml:27:17-82
241        </service>
242
243        <receiver
243-->[com.google.android.gms:play-services-measurement:22.0.1] AndroidManifest.xml:29:9-33:20
244            android:name="com.google.android.gms.measurement.AppMeasurementReceiver"
244-->[com.google.android.gms:play-services-measurement:22.0.1] AndroidManifest.xml:30:13-85
245            android:enabled="true"
245-->[com.google.android.gms:play-services-measurement:22.0.1] AndroidManifest.xml:31:13-35
246            android:exported="false" >
246-->[com.google.android.gms:play-services-measurement:22.0.1] AndroidManifest.xml:32:13-37
247        </receiver>
248
249        <service
249-->[com.google.android.gms:play-services-measurement:22.0.1] AndroidManifest.xml:35:9-38:40
250            android:name="com.google.android.gms.measurement.AppMeasurementService"
250-->[com.google.android.gms:play-services-measurement:22.0.1] AndroidManifest.xml:36:13-84
251            android:enabled="true"
251-->[com.google.android.gms:play-services-measurement:22.0.1] AndroidManifest.xml:37:13-35
252            android:exported="false" />
252-->[com.google.android.gms:play-services-measurement:22.0.1] AndroidManifest.xml:38:13-37
253        <service
253-->[com.google.android.gms:play-services-measurement:22.0.1] AndroidManifest.xml:39:9-43:72
254            android:name="com.google.android.gms.measurement.AppMeasurementJobService"
254-->[com.google.android.gms:play-services-measurement:22.0.1] AndroidManifest.xml:40:13-87
255            android:enabled="true"
255-->[com.google.android.gms:play-services-measurement:22.0.1] AndroidManifest.xml:41:13-35
256            android:exported="false"
256-->[com.google.android.gms:play-services-measurement:22.0.1] AndroidManifest.xml:42:13-37
257            android:permission="android.permission.BIND_JOB_SERVICE" />
257-->[com.google.android.gms:play-services-measurement:22.0.1] AndroidManifest.xml:43:13-69
258
259        <receiver
259-->[com.google.firebase:firebase-messaging:24.0.0] AndroidManifest.xml:29:9-40:20
260            android:name="com.google.firebase.iid.FirebaseInstanceIdReceiver"
260-->[com.google.firebase:firebase-messaging:24.0.0] AndroidManifest.xml:30:13-78
261            android:exported="true"
261-->[com.google.firebase:firebase-messaging:24.0.0] AndroidManifest.xml:31:13-36